2024-04-30 20:31:02,661: Loading MinMod knowledge graph data for copper
2024-04-30 20:31:43,745: 47528 records loaded - Elapsed Time: 41.084134101867676s
2024-04-30 20:31:43,749: Intralinking...
2024-04-30 20:31:43,749: 	MRDS
2024-04-30 20:31:43,824: 		location linking with: distance
2024-04-30 20:31:56,870: 		text linking with: site_name, commodity
2024-05-01 00:09:13,986: 	https://doi.org/10.5382/econgeo.2018.4590
2024-05-01 00:09:14,393: 	https://pubs.usgs.gov/of/2008/1155/
2024-05-01 00:09:14,415: 		location linking with: distance
2024-05-01 00:09:14,484: 		text linking with: site_name, commodity
2024-05-01 00:09:16,491: 	https://w3id.org/usgs/z/4530692/4QJBTNJJ
2024-05-01 00:09:16,541: 		text linking with: site_name, commodity
2024-05-01 00:09:16,566: 	USMIN
2024-05-01 00:09:16,569: 		location linking with: distance
2024-05-01 00:09:16,585: 		text linking with: site_name, commodity
2024-05-01 00:09:18,154: 	https://w3id.org/usgs/z/4530692/A6ZGP9EI
2024-05-01 00:09:18,155: 	https://w3id.org/usgs/z/4530692/6I7MSM8D
2024-05-01 00:09:18,159: 		text linking with: site_name, commodity
2024-05-01 00:09:18,196: 	https://w3id.org/usgs/z/4530692/P87TDWD8
2024-05-01 00:09:18,199: 		text linking with: site_name, commodity
2024-05-01 00:09:18,223: 	https://w3id.org/usgs/z/4530692/WNDU5EAG
2024-05-01 00:09:18,227: 		text linking with: site_name, commodity
2024-05-01 00:09:18,261: 	https://w3id.org/usgs/z/4530692/CHRAAE56
2024-05-01 00:09:18,262: 	https://w3id.org/usgs/z/4530692/D3P6799A
2024-05-01 00:09:18,264: 	https://w3id.org/usgs/z/4530692/T3KZWASD
2024-05-01 00:09:18,265: 	https://w3id.org/usgs/z/4530692/RBAGUA9C
2024-05-01 00:09:18,268: 		text linking with: site_name, commodity
2024-05-01 00:09:18,311: 	https://w3id.org/usgs/z/4530692/75EGIFHW
2024-05-01 00:09:18,314: 		text linking with: site_name, commodity
2024-05-01 00:09:18,338: 	https://w3id.org/usgs/z/4530692/64XNJSVM
2024-05-01 00:09:18,342: 		text linking with: site_name, commodity
2024-05-01 00:09:18,365: 	https://w3id.org/usgs/z/4530692/GARWPUU7
2024-05-01 00:09:18,369: 		text linking with: site_name, commodity
2024-05-01 00:09:18,392: 	https://w3id.org/usgs/z/4530692/F239CDGA
2024-05-01 00:09:18,396: 		text linking with: site_name, commodity
2024-05-01 00:09:18,419: 	https://w3id.org/usgs/z/4530692/5J7S7JD9
2024-05-01 00:09:18,422: 		text linking with: site_name, commodity
2024-05-01 00:09:18,446: 	https://w3id.org/usgs/z/4530692/QZ2764KT
2024-05-01 00:09:18,447: 	https://w3id.org/usgs/z/4530692/K4Q2C6HX
2024-05-01 00:09:18,451: 		text linking with: site_name, commodity
2024-05-01 00:09:18,474: 	https://w3id.org/usgs/z/4530692/BSRX4ZKD
2024-05-01 00:09:18,477: 		text linking with: site_name, commodity
2024-05-01 00:09:18,501: 	https://w3id.org/usgs/z/4530692/EKT4QIHW
2024-05-01 00:09:18,504: 		text linking with: site_name, commodity
2024-05-01 00:09:18,527: 	https://w3id.org/usgs/z/4530692/SHX5BFXB
2024-05-01 00:09:18,531: 		text linking with: site_name, commodity
2024-05-01 00:09:18,554: 	https://w3id.org/usgs/z/4530692/42HZRAH5
2024-05-01 00:09:18,557: 		text linking with: site_name, commodity
2024-05-01 00:09:18,594: 	https://w3id.org/usgs/z/4530692/T6ZA6WFD
2024-05-01 00:09:18,597: 		text linking with: site_name, commodity
2024-05-01 00:09:18,624: 	https://w3id.org/usgs/z/4530692/QWHUSES3
2024-05-01 00:09:18,625: 	https://w3id.org/usgs/z/4530692/EH87IERB
2024-05-01 00:09:18,629: 		text linking with: site_name, commodity
2024-05-01 00:09:18,652: 	https://w3id.org/usgs/z/4530692/BI5CBUGQ
2024-05-01 00:09:18,655: 		text linking with: site_name, commodity
2024-05-01 00:09:18,679: 	https://w3id.org/usgs/z/4530692/HFD7PEMZ
2024-05-01 00:09:18,680: 	https://w3id.org/usgs/z/4530692/6H3UX4P6
2024-05-01 00:09:19,884: 	https://w3id.org/usgs/z/4530692/75U734UE
2024-05-01 00:09:19,984: 		text linking with: site_name, commodity
2024-05-01 00:09:20,018: 	https://w3id.org/usgs/z/4530692/9CBXDCP4
2024-05-01 00:09:20,022: 		text linking with: site_name, commodity
2024-05-01 00:09:20,045: 	https://w3id.org/usgs/z/4530692/78NPEWWS
2024-05-01 00:09:20,046: 	https://w3id.org/usgs/z/4530692/FHQGVK7A
2024-05-01 00:09:20,050: 		text linking with: site_name, commodity
2024-05-01 00:09:20,081: 	https://w3id.org/usgs/z/4530692/VAH2R4RK
2024-05-01 00:09:20,085: 		text linking with: site_name, commodity
2024-05-01 00:09:20,108: 	https://w3id.org/usgs/z/4530692/3U6SGW2H
2024-05-01 00:09:20,111: 		text linking with: site_name, commodity
2024-05-01 00:09:20,134: 	https://w3id.org/usgs/z/4530692/VDBSXG5T
2024-05-01 00:09:20,138: 		text linking with: site_name, commodity
2024-05-01 00:09:20,169: 	https://w3id.org/usgs/z/4530692/222VKUTF
2024-05-01 00:09:20,173: 		text linking with: site_name, commodity
2024-05-01 00:09:20,205: 	https://w3id.org/usgs/z/4530692/FATPV8AV
2024-05-01 00:09:20,206: 	https://w3id.org/usgs/z/4530692/5TSMQZW4
2024-05-01 00:09:20,210: 		text linking with: site_name, commodity
2024-05-01 00:09:20,250: 	https://w3id.org/usgs/z/4530692/K87XHZKV
2024-05-01 00:09:20,254: 		text linking with: site_name, commodity
2024-05-01 00:09:20,276: 	https://w3id.org/usgs/z/4530692/SJ8QJV8C
2024-05-01 00:09:20,280: 		text linking with: site_name, commodity
2024-05-01 00:09:20,303: 	https://w3id.org/usgs/z/4530692/TPRFS8GX
2024-05-01 00:09:20,304: 	https://w3id.org/usgs/z/4530692/26ZXZM5R
2024-05-01 00:09:20,308: 		text linking with: site_name, commodity
2024-05-01 00:09:20,331: 	https://w3id.org/usgs/z/4530692/RXXPTN2A
2024-05-01 00:09:20,335: 		text linking with: site_name, commodity
2024-05-01 00:09:20,380: 	https://w3id.org/usgs/z/4530692/2ZGNUWQX
2024-05-01 00:09:20,384: 		text linking with: site_name, commodity
2024-05-01 00:09:20,418: 	https://w3id.org/usgs/z/4530692/IPN5EW82
2024-05-01 00:09:20,421: 		text linking with: site_name, commodity
2024-05-01 00:09:20,444: 	https://w3id.org/usgs/z/4530692/JNG3AXCM
2024-05-01 00:09:20,448: 		text linking with: site_name, commodity
2024-05-01 00:09:20,470: 	https://w3id.org/usgs/z/4530692/QD2688WS
2024-05-01 00:09:20,473: 		text linking with: site_name, commodity
2024-05-01 00:09:20,496: 	https://w3id.org/usgs/z/4530692/2DJRDPW3
2024-05-01 00:09:20,500: 		text linking with: site_name, commodity
2024-05-01 00:09:20,522: 	https://w3id.org/usgs/z/4530692/G6EN5S24
2024-05-01 00:09:20,526: 		text linking with: site_name, commodity
2024-05-01 00:09:20,549: 	https://w3id.org/usgs/z/4530692/FJ9SZ3F3
2024-05-01 00:09:20,553: 		text linking with: site_name, commodity
2024-05-01 00:09:20,579: 	https://w3id.org/usgs/z/4530692/GJ4E2JA7
2024-05-01 00:09:20,580: 	https://w3id.org/usgs/z/4530692/J56FCK28
2024-05-01 00:09:20,581: 	https://w3id.org/usgs/z/4530692/RF6GDHZP
2024-05-01 00:09:20,585: 		text linking with: site_name, commodity
2024-05-01 00:09:20,611: 	https://w3id.org/usgs/z/4530692/2H3INFUS
2024-05-01 00:09:20,615: 		text linking with: site_name, commodity
2024-05-01 00:09:20,637: 	https://w3id.org/usgs/z/4530692/UGR3ZTSC
2024-05-01 00:09:20,641: 		text linking with: site_name, commodity
2024-05-01 00:09:20,663: 	https://w3id.org/usgs/z/4530692/Q3ZZ8FH3
2024-05-01 00:09:20,667: 		text linking with: site_name, commodity
2024-05-01 00:09:20,696: 	https://w3id.org/usgs/z/4530692/6SU4BAHQ
2024-05-01 00:09:20,697: 	https://w3id.org/usgs/z/4530692/5W47KSB6
2024-05-01 00:09:20,701: 		text linking with: site_name, commodity
2024-05-01 00:09:20,723: 	https://w3id.org/usgs/z/4530692/R5CJ86EM
2024-05-01 00:09:20,727: 		text linking with: site_name, commodity
2024-05-01 00:09:20,772: 	https://w3id.org/usgs/z/4530692/6K9NG9QU
2024-05-01 00:09:20,776: 		text linking with: site_name, commodity
2024-05-01 00:09:20,823: 	https://w3id.org/usgs/z/4530692/IWC66UWZ
2024-05-01 00:09:20,824: 	https://w3id.org/usgs/z/4530692/5UKG2IUQ
2024-05-01 00:09:20,827: 		text linking with: site_name, commodity
2024-05-01 00:09:20,850: 	https://w3id.org/usgs/z/4530692/VVEDUPFD
2024-05-01 00:09:20,854: 		text linking with: site_name, commodity
2024-05-01 00:09:20,920: 	https://w3id.org/usgs/z/4530692/9HW6E7KJ
2024-05-01 00:09:20,923: 		text linking with: site_name, commodity
2024-05-01 00:09:20,946: 	https://w3id.org/usgs/z/4530692/RWPS34U2
2024-05-01 00:09:20,950: 		text linking with: site_name, commodity
2024-05-01 00:09:20,973: 	https://w3id.org/usgs/z/4530692/Z8RHSJWJ
2024-05-01 00:09:20,976: 		text linking with: site_name, commodity
2024-05-01 00:09:20,999: 	https://w3id.org/usgs/z/4530692/KX7TKVCF
2024-05-01 00:09:21,003: 		text linking with: site_name, commodity
2024-05-01 00:09:21,026: 	https://w3id.org/usgs/z/4530692/NZ23QI48
2024-05-01 00:09:21,029: 		text linking with: site_name, commodity
2024-05-01 00:09:21,060: 	https://w3id.org/usgs/z/4530692/MJRD4SFJ
2024-05-01 00:09:21,061: 	https://w3id.org/usgs/z/4530692/G52A7TQ8
2024-05-01 00:09:21,065: 		text linking with: site_name, commodity
2024-05-01 00:09:21,089: 	https://w3id.org/usgs/z/4530692/R23JU83I
2024-05-01 00:09:21,092: 		text linking with: site_name, commodity
2024-05-01 00:09:21,115: 	https://w3id.org/usgs/z/4530692/VXHJP533
2024-05-01 00:09:21,119: 		text linking with: site_name, commodity
2024-05-01 00:09:21,141: 	https://w3id.org/usgs/z/4530692/GPN75QT4
2024-05-01 00:09:21,145: 		text linking with: site_name, commodity
2024-05-01 00:09:21,167: 	https://w3id.org/usgs/z/4530692/TGQ9JSI9
2024-05-01 00:09:21,171: 		text linking with: site_name, commodity
2024-05-01 00:09:21,194: 	https://w3id.org/usgs/z/4530692/2437MM2M
2024-05-01 00:09:21,195: 	https://w3id.org/usgs/z/4530692/G7ZPM8IN
2024-05-01 00:09:21,198: 		text linking with: site_name, commodity
2024-05-01 00:09:21,224: 	https://w3id.org/usgs/z/4530692/4DVAKK5E
2024-05-01 00:09:21,227: 		text linking with: site_name, commodity
2024-05-01 00:09:21,251: 	https://w3id.org/usgs/z/4530692/HZZGWK5N
2024-05-01 00:09:21,252: 	https://w3id.org/usgs/z/4530692/QSIP2P63
2024-05-01 00:09:21,255: 		text linking with: site_name, commodity
2024-05-01 00:09:21,277: 	https://w3id.org/usgs/z/4530692/KVP6WHAP
2024-05-01 00:09:21,281: 		text linking with: site_name, commodity
2024-05-01 00:09:21,304: 	https://w3id.org/usgs/z/4530692/IW5TSR73
2024-05-01 00:09:21,307: 		text linking with: site_name, commodity
2024-05-01 00:09:21,330: 	https://w3id.org/usgs/z/4530692/C2AJ5XFQ
2024-05-01 00:09:21,333: 		text linking with: site_name, commodity
2024-05-01 00:09:21,356: 	https://w3id.org/usgs/z/4530692/QSVI6XVU
2024-05-01 00:09:21,357: 	https://w3id.org/usgs/z/4530692/CCBKIKCB
2024-05-01 00:09:21,360: 		text linking with: site_name, commodity
2024-05-01 00:09:21,389: 	https://w3id.org/usgs/z/4530692/2NTJWKVD
2024-05-01 00:09:21,392: 		text linking with: site_name, commodity
2024-05-01 00:09:21,427: Intralinking on 87 sources completed - Elapsed Time: 13057.677602529526s
2024-05-01 00:09:21,427: Interlinking...
2024-05-01 00:09:21,485: 		location linking with: area
2024-05-01 00:10:25,261: Interlinking completed - Elapsed Time: 63.83367848396301s
