Batches:   0%|          | 0/1 [00:00<?, ?it/s]Batches: 100%|██████████| 1/1 [00:01<00:00,  1.19s/it]Batches: 100%|██████████| 1/1 [00:01<00:00,  1.19s/it]
Batches:   0%|          | 0/1 [00:00<?, ?it/s]Batches: 100%|██████████| 1/1 [00:00<00:00, 109.68it/s]
Batches:   0%|          | 0/1 [00:00<?, ?it/s]Batches: 100%|██████████| 1/1 [00:00<00:00, 143.66it/s]
Batches:   0%|          | 0/3 [00:00<?, ?it/s]Batches: 100%|██████████| 3/3 [00:00<00:00, 43.23it/s]
Batches:   0%|          | 0/1 [00:00<?, ?it/s]Batches: 100%|██████████| 1/1 [00:00<00:00, 145.06it/s]
Batches:   0%|          | 0/3 [00:00<?, ?it/s]Batches: 100%|██████████| 3/3 [00:00<00:00, 44.47it/s]
Batches:   0%|          | 0/1 [00:00<?, ?it/s]Batches: 100%|██████████| 1/1 [00:00<00:00, 138.86it/s]
Batches:   0%|          | 0/3 [00:00<?, ?it/s]Batches: 100%|██████████| 3/3 [00:00<00:00, 44.40it/s]
     OBJECTID MinReg_ID  ... source_id                     geometry
0           1   Mr00082  ...     USMIN  POINT (-167.10300 65.53230)
1           2   Mr00082  ...     USMIN  POINT (-167.16650 65.47650)
2           3   Mr00013  ...     USMIN  POINT (-157.49980 59.22860)
3           4   Mr00058  ...     USMIN  POINT (-165.31750 64.72480)
4           5   Mr00059  ...     USMIN  POINT (-135.16200 58.75870)
..        ...       ...  ...       ...                          ...
97         98   Mr00177  ...     USMIN  POINT (-104.89290 31.43230)
98         99   Mr00177  ...     USMIN  POINT (-104.88090 31.44180)
99        100   Mr00138  ...     USMIN  POINT (-113.39660 39.18790)
100       101   Mr00149  ...     USMIN  POINT (-118.10060 48.00820)
101       102   Mr00149  ...     USMIN  POINT (-118.21260 48.02030)

[102 rows x 21 columns]
